Traceback (most recent call last):
  File "/opt/hostedtoolcache/Python/3.11.9/x64/lib/python3.11/site-packages/jupyter_cache/executors/utils.py", line 58, in single_nb_execution
    executenb(
  File "/opt/hostedtoolcache/Python/3.11.9/x64/lib/python3.11/site-packages/nbclient/client.py", line 1314, in execute
    return NotebookClient(nb=nb, resources=resources, km=km, **kwargs).execute()
           ^^^^^^^^^^^^^^^^^^^^^^^^^^^^^^^^^^^^^^^^^^^^^^^^^^^^^^^^^^^^^^^^^^^^^
  File "/opt/hostedtoolcache/Python/3.11.9/x64/lib/python3.11/site-packages/jupyter_core/utils/__init__.py", line 165, in wrapped
    return loop.run_until_complete(inner)
           ^^^^^^^^^^^^^^^^^^^^^^^^^^^^^^
  File "/opt/hostedtoolcache/Python/3.11.9/x64/lib/python3.11/asyncio/base_events.py", line 654, in run_until_complete
    return future.result()
           ^^^^^^^^^^^^^^^
  File "/opt/hostedtoolcache/Python/3.11.9/x64/lib/python3.11/site-packages/nbclient/client.py", line 709, in async_execute
    await self.async_execute_cell(
  File "/opt/hostedtoolcache/Python/3.11.9/x64/lib/python3.11/site-packages/nbclient/client.py", line 1062, in async_execute_cell
    await self._check_raise_for_error(cell, cell_index, exec_reply)
  File "/opt/hostedtoolcache/Python/3.11.9/x64/lib/python3.11/site-packages/nbclient/client.py", line 918, in _check_raise_for_error
    raise CellExecutionError.from_cell_and_msg(cell, exec_reply_content)
nbclient.exceptions.CellExecutionError: An error occurred while executing the following cell:
------------------
from bs4 import BeautifulSoup
import pydantic
from soupsavvy import ClassSelector, TypeSelector
from soupsavvy.models import BaseModel
from soupsavvy.operations import Operation, Text


class PydanticBook(pydantic.BaseModel):
    title: str
    price: int


class Book(BaseModel):

    __scope__ = TypeSelector("div") & ClassSelector("book")

    title = ClassSelector("title") | Text()
    price = ClassSelector("price") | Text() | Operation(int)


text = """
    <div class="book" href="www.book.com">
        <p class="title">Animal Farm</p>
        <p class="price">100</p>
        <p>George Orwell</p>
    </div>
"""
soup = BeautifulSoup(text, features="lxml")
book = Book.find(soup)

book.migrate(PydanticBook)
------------------


[0;31m---------------------------------------------------------------------------[0m
[0;31mModuleNotFoundError[0m                       Traceback (most recent call last)
Cell [0;32mIn[40], line 2[0m
[1;32m      1[0m [38;5;28;01mfrom[39;00m [38;5;21;01mbs4[39;00m [38;5;28;01mimport[39;00m BeautifulSoup
[0;32m----> 2[0m [38;5;28;01mimport[39;00m [38;5;21;01mpydantic[39;00m
[1;32m      3[0m [38;5;28;01mfrom[39;00m [38;5;21;01msoupsavvy[39;00m [38;5;28;01mimport[39;00m ClassSelector, TypeSelector
[1;32m      4[0m [38;5;28;01mfrom[39;00m [38;5;21;01msoupsavvy[39;00m[38;5;21;01m.[39;00m[38;5;21;01mmodels[39;00m [38;5;28;01mimport[39;00m BaseModel

[0;31mModuleNotFoundError[0m: No module named 'pydantic'

